Build started 2016.02.19. 20:57:51.
     1>Project "C:\Users\Adam\Documents\University\Year 4\COSC 4P76\Assign 1-2\MLAssign1\MLAssign1\MLAssign1.vcxproj" on node 2 (Build target(s)).
     1>ClCompile:
         C:\Program Files (x86)\Microsoft Visual Studio 12.0\VC\bin\CL.exe /c /ZI /nologo /W3 /WX- /sdl /Od /Oy- /D _MBCS /Gm /EHsc /RTC1 /MDd /GS /fp:precise /Zc:wchar_t /Zc:forScope /Fo"Debug\\" /Fd"Debug\vc120.pdb" /Gd /TP /analyze- /errorReport:prompt DataParser.cpp Source.cpp
         Source.cpp
     1>c:\users\adam\documents\university\year 4\cosc 4p76\assign 1-2\mlassign1\mlassign1\source.cpp(74): warning C4018: '<' : signed/unsigned mismatch
     1>c:\users\adam\documents\university\year 4\cosc 4p76\assign 1-2\mlassign1\mlassign1\source.cpp(75): warning C4018: '<' : signed/unsigned mismatch
     1>c:\users\adam\documents\university\year 4\cosc 4p76\assign 1-2\mlassign1\mlassign1\source.cpp(82): warning C4018: '<' : signed/unsigned mismatch
     1>c:\users\adam\documents\university\year 4\cosc 4p76\assign 1-2\mlassign1\mlassign1\source.cpp(83): warning C4018: '<' : signed/unsigned mismatch
     1>c:\users\adam\documents\university\year 4\cosc 4p76\assign 1-2\mlassign1\mlassign1\source.cpp(84): warning C4018: '<' : signed/unsigned mismatch
     1>c:\users\adam\documents\university\year 4\cosc 4p76\assign 1-2\mlassign1\mlassign1\source.cpp(85): warning C4018: '<' : signed/unsigned mismatch
     1>c:\users\adam\documents\university\year 4\cosc 4p76\assign 1-2\mlassign1\mlassign1\source.cpp(86): warning C4018: '<' : signed/unsigned mismatch
     1>c:\users\adam\documents\university\year 4\cosc 4p76\assign 1-2\mlassign1\mlassign1\source.cpp(94): warning C4018: '<' : signed/unsigned mismatch
     1>c:\users\adam\documents\university\year 4\cosc 4p76\assign 1-2\mlassign1\mlassign1\source.cpp(95): warning C4018: '<' : signed/unsigned mismatch
     1>c:\users\adam\documents\university\year 4\cosc 4p76\assign 1-2\mlassign1\mlassign1\source.cpp(106): warning C4018: '<' : signed/unsigned mismatch
     1>c:\users\adam\documents\university\year 4\cosc 4p76\assign 1-2\mlassign1\mlassign1\source.cpp(109): warning C4018: '<' : signed/unsigned mismatch
     1>c:\users\adam\documents\university\year 4\cosc 4p76\assign 1-2\mlassign1\mlassign1\source.cpp(110): warning C4018: '<' : signed/unsigned mismatch
     1>c:\users\adam\documents\university\year 4\cosc 4p76\assign 1-2\mlassign1\mlassign1\source.cpp(114): warning C4018: '<' : signed/unsigned mismatch
     1>c:\users\adam\documents\university\year 4\cosc 4p76\assign 1-2\mlassign1\mlassign1\source.cpp(123): warning C4018: '<' : signed/unsigned mismatch
     1>c:\users\adam\documents\university\year 4\cosc 4p76\assign 1-2\mlassign1\mlassign1\source.cpp(128): warning C4018: '<' : signed/unsigned mismatch
     1>c:\users\adam\documents\university\year 4\cosc 4p76\assign 1-2\mlassign1\mlassign1\source.cpp(129): warning C4018: '<' : signed/unsigned mismatch
     1>c:\users\adam\documents\university\year 4\cosc 4p76\assign 1-2\mlassign1\mlassign1\source.cpp(134): warning C4018: '<' : signed/unsigned mismatch
     1>c:\users\adam\documents\university\year 4\cosc 4p76\assign 1-2\mlassign1\mlassign1\source.cpp(165): warning C4018: '<' : signed/unsigned mismatch
     1>c:\users\adam\documents\university\year 4\cosc 4p76\assign 1-2\mlassign1\mlassign1\source.cpp(201): warning C4018: '<' : signed/unsigned mismatch
     1>c:\users\adam\documents\university\year 4\cosc 4p76\assign 1-2\mlassign1\mlassign1\source.cpp(205): warning C4018: '<' : signed/unsigned mismatch
     1>c:\users\adam\documents\university\year 4\cosc 4p76\assign 1-2\mlassign1\mlassign1\source.cpp(257): warning C4018: '<' : signed/unsigned mismatch
     1>c:\users\adam\documents\university\year 4\cosc 4p76\assign 1-2\mlassign1\mlassign1\source.cpp(273): warning C4018: '<' : signed/unsigned mismatch
     1>c:\users\adam\documents\university\year 4\cosc 4p76\assign 1-2\mlassign1\mlassign1\source.cpp(278): warning C4018: '<' : signed/unsigned mismatch
     1>c:\users\adam\documents\university\year 4\cosc 4p76\assign 1-2\mlassign1\mlassign1\source.cpp(289): warning C4018: '<' : signed/unsigned mismatch
     1>c:\users\adam\documents\university\year 4\cosc 4p76\assign 1-2\mlassign1\mlassign1\source.cpp(290): warning C4018: '<' : signed/unsigned mismatch
     1>c:\users\adam\documents\university\year 4\cosc 4p76\assign 1-2\mlassign1\mlassign1\source.cpp(295): warning C4018: '<' : signed/unsigned mismatch
     1>c:\users\adam\documents\university\year 4\cosc 4p76\assign 1-2\mlassign1\mlassign1\source.cpp(303): warning C4018: '<' : signed/unsigned mismatch
     1>c:\users\adam\documents\university\year 4\cosc 4p76\assign 1-2\mlassign1\mlassign1\source.cpp(307): warning C4018: '<' : signed/unsigned mismatch
     1>c:\users\adam\documents\university\year 4\cosc 4p76\assign 1-2\mlassign1\mlassign1\source.cpp(308): warning C4018: '<' : signed/unsigned mismatch
     1>c:\users\adam\documents\university\year 4\cosc 4p76\assign 1-2\mlassign1\mlassign1\source.cpp(313): warning C4018: '<' : signed/unsigned mismatch
     1>c:\users\adam\documents\university\year 4\cosc 4p76\assign 1-2\mlassign1\mlassign1\source.cpp(354): warning C4018: '<' : signed/unsigned mismatch
     1>c:\users\adam\documents\university\year 4\cosc 4p76\assign 1-2\mlassign1\mlassign1\source.cpp(366): warning C4244: 'argument' : conversion from 'time_t' to 'unsigned int', possible loss of data
         DataParser.cpp
     1>c:\users\adam\documents\university\year 4\cosc 4p76\assign 1-2\mlassign1\mlassign1\dataparser.cpp(30): warning C4244: 'argument' : conversion from 'double' to 'float', possible loss of data
     1>c:\users\adam\documents\university\year 4\cosc 4p76\assign 1-2\mlassign1\mlassign1\dataparser.cpp(36): warning C4244: 'argument' : conversion from '__w64 int' to 'float', possible loss of data
     1>c:\users\adam\documents\university\year 4\cosc 4p76\assign 1-2\mlassign1\mlassign1\dataparser.cpp(39): warning C4244: 'argument' : conversion from 'int' to 'const float', possible loss of data
         Generating Code...
       Link:
         C:\Program Files (x86)\Microsoft Visual Studio 12.0\VC\bin\link.exe /ERRORREPORT:PROMPT /OUT:"C:\Users\Adam\Documents\University\Year 4\COSC 4P76\Assign 1-2\MLAssign1\Debug\MLAssign1.exe" /INCREMENTAL /NOLOGO kernel32.lib user32.lib gdi32.lib winspool.lib comdlg32.lib advapi32.lib shell32.lib ole32.lib oleaut32.lib uuid.lib odbc32.lib odbccp32.lib /MANIFEST /MANIFESTUAC:"level='asInvoker' uiAccess='false'" /manifest:embed /DEBUG /PDB:"C:\Users\Adam\Documents\University\Year 4\COSC 4P76\Assign 1-2\MLAssign1\Debug\MLAssign1.pdb" /TLBID:1 /DYNAMICBASE /NXCOMPAT /IMPLIB:"C:\Users\Adam\Documents\University\Year 4\COSC 4P76\Assign 1-2\MLAssign1\Debug\MLAssign1.lib" /MACHINE:X86 Debug\DataParser.obj
         Debug\NeuralNet.obj
         Debug\Node.obj
         Debug\Source.obj
         MLAssign1.vcxproj -> C:\Users\Adam\Documents\University\Year 4\COSC 4P76\Assign 1-2\MLAssign1\Debug\MLAssign1.exe
     1>Done Building Project "C:\Users\Adam\Documents\University\Year 4\COSC 4P76\Assign 1-2\MLAssign1\MLAssign1\MLAssign1.vcxproj" (Build target(s)).

Build succeeded.

Time Elapsed 00:00:03.69
